# JRE version: Java(TM) SE Runtime Environment (8.0_161-b12) (build 1.8.0_161-b12)
# Java VM: Java HotSpot(TM) 64-Bit Server VM (25.161-b12 mixed mode windows-amd64 compressed oops)
Heap:
 PSYoungGen      total 14336K, used 2372K [0x00000000eab00000, 0x00000000ec600000, 0x0000000100000000)
  eden space 10752K, 4% used [0x00000000eab00000,0x00000000eab6c550,0x00000000eb580000)
  from space 3584K, 54% used [0x00000000eb580000,0x00000000eb764c58,0x00000000eb900000)
  to   space 5120K, 0% used [0x00000000ec100000,0x00000000ec100000,0x00000000ec600000)
 ParOldGen       total 9728K, used 5577K [0x00000000c0000000, 0x00000000c0980000, 0x00000000eab00000)
  object space 9728K, 57% used [0x00000000c0000000,0x00000000c0572520,0x00000000c0980000)
 Metaspace       used 8478K, capacity 9024K, committed 9216K, reserved 1056768K
  class space    used 998K, capacity 1012K, committed 1024K, reserved 1048576K
GC Heap History (10 events):
Event: 0.656 GC heap before
{Heap before GC invocations=6 (full 0):
 PSYoungGen      total 3584K, used 3558K [0x00000000eab00000, 0x00000000eb300000, 0x0000000100000000)
  eden space 3072K, 99% used [0x00000000eab00000,0x00000000eadfdb60,0x00000000eae00000)
  from space 512K, 96% used [0x00000000eae00000,0x00000000eae7c020,0x00000000eae80000)
  to   space 1024K, 0% used [0x00000000eb200000,0x00000000eb200000,0x00000000eb300000)
 ParOldGen       total 5632K, used 772K [0x00000000c0000000, 0x00000000c0580000, 0x00000000eab00000)
  object space 5632K, 13% used [0x00000000c0000000,0x00000000c00c1338,0x00000000c0580000)
 Metaspace       used 7223K, capacity 8084K, committed 8448K, reserved 1056768K
  class space    used 885K, capacity 912K, committed 1024K, reserved 1048576K
Event: 0.660 GC heap after
Heap after GC invocations=6 (full 0):
 PSYoungGen      total 6656K, used 1022K [0x00000000eab00000, 0x00000000eb400000, 0x0000000100000000)
  eden space 5632K, 0% used [0x00000000eab00000,0x00000000eab00000,0x00000000eb080000)
  from space 1024K, 99% used [0x00000000eb200000,0x00000000eb2ff830,0x00000000eb300000)
  to   space 1536K, 0% used [0x00000000eb080000,0x00000000eb080000,0x00000000eb200000)
 ParOldGen       total 5632K, used 912K [0x00000000c0000000, 0x00000000c0580000, 0x00000000eab00000)
  object space 5632K, 16% used [0x00000000c0000000,0x00000000c00e43a8,0x00000000c0580000)
 Metaspace       used 7223K, capacity 8084K, committed 8448K, reserved 1056768K
  class space    used 885K, capacity 912K, committed 1024K, reserved 1048576K
}
Event: 0.735 GC heap before
{Heap before GC invocations=7 (full 0):
 PSYoungGen      total 6656K, used 6568K [0x00000000eab00000, 0x00000000eb400000, 0x0000000100000000)
  eden space 5632K, 98% used [0x00000000eab00000,0x00000000eb06aa80,0x00000000eb080000)
  from space 1024K, 99% used [0x00000000eb200000,0x00000000eb2ff830,0x00000000eb300000)
  to   space 1536K, 0% used [0x00000000eb080000,0x00000000eb080000,0x00000000eb200000)
 ParOldGen       total 5632K, used 912K [0x00000000c0000000, 0x00000000c0580000, 0x00000000eab00000)
  object space 5632K, 16% used [0x00000000c0000000,0x00000000c00e43a8,0x00000000c0580000)
 Metaspace       used 7339K, capacity 8180K, committed 8448K, reserved 1056768K
  class space    used 894K, capacity 944K, committed 1024K, reserved 1048576K
Event: 0.745 GC heap after
Heap after GC invocations=7 (full 0):
 PSYoungGen      total 7168K, used 1527K [0x00000000eab00000, 0x00000000ebc00000, 0x0000000100000000)
  eden space 5632K, 0% used [0x00000000eab00000,0x00000000eab00000,0x00000000eb080000)
  from space 1536K, 99% used [0x00000000eb080000,0x00000000eb1fde60,0x00000000eb200000)
  to   space 3072K, 0% used [0x00000000eb900000,0x00000000eb900000,0x00000000ebc00000)
 ParOldGen       total 5632K, used 3214K [0x00000000c0000000, 0x00000000c0580000, 0x00000000eab00000)
  object space 5632K, 57% used [0x00000000c0000000,0x00000000c0323bf8,0x00000000c0580000)
 Metaspace       used 7339K, capacity 8180K, committed 8448K, reserved 1056768K
  class space    used 894K, capacity 944K, committed 1024K, reserved 1048576K
}
Event: 0.853 GC heap before
{Heap before GC invocations=8 (full 0):
 PSYoungGen      total 7168K, used 7159K [0x00000000eab00000, 0x00000000ebc00000, 0x0000000100000000)
  eden space 5632K, 100% used [0x00000000eab00000,0x00000000eb080000,0x00000000eb080000)
  from space 1536K, 99% used [0x00000000eb080000,0x00000000eb1fde60,0x00000000eb200000)
  to   space 3072K, 0% used [0x00000000eb900000,0x00000000eb900000,0x00000000ebc00000)
 ParOldGen       total 5632K, used 3214K [0x00000000c0000000, 0x00000000c0580000, 0x00000000eab00000)
  object space 5632K, 57% used [0x00000000c0000000,0x00000000c0323bf8,0x00000000c0580000)
 Metaspace       used 7481K, capacity 8308K, committed 8448K, reserved 1056768K
  class space    used 905K, capacity 944K, committed 1024K, reserved 1048576K
Event: 0.862 GC heap after
Heap after GC invocations=8 (full 0):
 PSYoungGen      total 13824K, used 3047K [0x00000000eab00000, 0x00000000ebd00000, 0x0000000100000000)
  eden space 10752K, 0% used [0x00000000eab00000,0x00000000eab00000,0x00000000eb580000)
  from space 3072K, 99% used [0x00000000eb900000,0x00000000ebbf9e80,0x00000000ebc00000)
  to   space 3584K, 0% used [0x00000000eb580000,0x00000000eb580000,0x00000000eb900000)
 ParOldGen       total 5632K, used 3791K [0x00000000c0000000, 0x00000000c0580000, 0x00000000eab00000)
  object space 5632K, 67% used [0x00000000c0000000,0x00000000c03b3c08,0x00000000c0580000)
 Metaspace       used 7481K, capacity 8308K, committed 8448K, reserved 1056768K
  class space    used 905K, capacity 944K, committed 1024K, reserved 1048576K
}
Event: 1.246 GC heap before
{Heap before GC invocations=9 (full 0):
 PSYoungGen      total 13824K, used 13799K [0x00000000eab00000, 0x00000000ebd00000, 0x0000000100000000)
  eden space 10752K, 100% used [0x00000000eab00000,0x00000000eb580000,0x00000000eb580000)
  from space 3072K, 99% used [0x00000000eb900000,0x00000000ebbf9e80,0x00000000ebc00000)
  to   space 3584K, 0% used [0x00000000eb580000,0x00000000eb580000,0x00000000eb900000)
 ParOldGen       total 5632K, used 3791K [0x00000000c0000000, 0x00000000c0580000, 0x00000000eab00000)
  object space 5632K, 67% used [0x00000000c0000000,0x00000000c03b3c08,0x00000000c0580000)
 Metaspace       used 8444K, capacity 8960K, committed 9216K, reserved 1056768K
  class space    used 995K, capacity 1012K, committed 1024K, reserved 1048576K
Event: 1.263 GC heap after
Heap after GC invocations=9 (full 0):
 PSYoungGen      total 14336K, used 3571K [0x00000000eab00000, 0x00000000ec600000, 0x0000000100000000)
  eden space 10752K, 0% used [0x00000000eab00000,0x00000000eab00000,0x00000000eb580000)
  from space 3584K, 99% used [0x00000000eb580000,0x00000000eb8fcdf8,0x00000000eb900000)
  to   space 5120K, 0% used [0x00000000ec100000,0x00000000ec100000,0x00000000ec600000)
 ParOldGen       total 5632K, used 4984K [0x00000000c0000000, 0x00000000c0580000, 0x00000000eab00000)
  object space 5632K, 88% used [0x00000000c0000000,0x00000000c04de278,0x00000000c0580000)
 Metaspace       used 8444K, capacity 8960K, committed 9216K, reserved 1056768K
  class space    used 995K, capacity 1012K, committed 1024K, reserved 1048576K
}
Event: 1.263 GC heap before
{Heap before GC invocations=10 (full 1):
 PSYoungGen      total 14336K, used 3571K [0x00000000eab00000, 0x00000000ec600000, 0x0000000100000000)
  eden space 10752K, 0% used [0x00000000eab00000,0x00000000eab00000,0x00000000eb580000)
  from space 3584K, 99% used [0x00000000eb580000,0x00000000eb8fcdf8,0x00000000eb900000)
  to   space 5120K, 0% used [0x00000000ec100000,0x00000000ec100000,0x00000000ec600000)
 ParOldGen       total 5632K, used 4984K [0x00000000c0000000, 0x00000000c0580000, 0x00000000eab00000)
  object space 5632K, 88% used [0x00000000c0000000,0x00000000c04de278,0x00000000c0580000)
 Metaspace       used 8444K, capacity 8960K, committed 9216K, reserved 1056768K
  class space    used 995K, capacity 1012K, committed 1024K, reserved 1048576K
Event: 1.354 GC heap after
Heap after GC invocations=10 (full 1):
 PSYoungGen      total 14336K, used 1939K [0x00000000eab00000, 0x00000000ec600000, 0x0000000100000000)
  eden space 10752K, 0% used [0x00000000eab00000,0x00000000eab00000,0x00000000eb580000)
  from space 3584K, 54% used [0x00000000eb580000,0x00000000eb764c58,0x00000000eb900000)
  to   space 5120K, 0% used [0x00000000ec100000,0x00000000ec100000,0x00000000ec600000)
 ParOldGen       total 9728K, used 5577K [0x00000000c0000000, 0x00000000c0980000, 0x00000000eab00000)
  object space 9728K, 57% used [0x00000000c0000000,0x00000000c0572520,0x00000000c0980000)
 Metaspace       used 8444K, capacity 8960K, committed 9216K, reserved 1056768K
  class space    used 995K, capacity 1012K, committed 1024K, reserved 1048576K
}

